更新目录 'resource'
更新目录 'resource\conf'
更新目录 'resource\res'
更新目录 'resource\res\animation'
更新目录 'resource\res\animation\rc'
更新目录 'resource\res\animation\sc'
更新目录 'resource\res\font'
更新目录 'resource\sound'
更新目录 'tmp'
更新目录 'tmp\copy'
..\patch\webver
需要更新255个文件
复制文件 resource\default.res.json
复制文件 resource\theme.json
复制文件 resource\conf\combatConfig.json
复制文件 resource\conf\debugConfig.json
复制文件 resource\conf\languagePackage-Combat.json
复制文件 resource\res\buffIconImg0Sheet.json
复制文件 resource\res\buffIconImg0Sheet.png
复制文件 resource\res\combatBtn0Sheet.json
复制文件 resource\res\combatBtn0Sheet.png
复制文件 resource\res\combatImg0Sheet.json
复制文件 resource\res\combatImg0Sheet.png
复制文件 resource\res\combatImg1Sheet.json
复制文件 resource\res\combatImg1Sheet.png
复制文件 resource\res\combatText0Sheet.json
复制文件 resource\res\combatText0Sheet.png
复制文件 resource\res\fetterIconImg0Sheet.json
复制文件 resource\res\fetterIconImg0Sheet.png
复制文件 resource\res\fightImg0Sheet.json
复制文件 resource\res\fightImg0Sheet.png
复制文件 resource\res\headicon.json
复制文件 resource\res\headicon.png
复制文件 resource\res\linshitouxiang.jpg
复制文件 resource\res\zdbj.jpg
复制文件 resource\res\animation\rc\rc_baoji.json
复制文件 resource\res\animation\rc\rc_baoji.png
复制文件 resource\res\animation\rc\rc_bengdai.json
复制文件 resource\res\animation\rc\rc_bengdai.png
复制文件 resource\res\animation\rc\rc_bingdong.json
复制文件 resource\res\animation\rc\rc_bingdong.png
复制文件 resource\res\animation\rc\rc_busi.json
复制文件 resource\res\animation\rc\rc_busi.png
复制文件 resource\res\animation\rc\rc_chaofeng.json
复制文件 resource\res\animation\rc\rc_chaofeng.png
复制文件 resource\res\animation\rc\rc_chenmo.json
复制文件 resource\res\animation\rc\rc_chenmo.png
复制文件 resource\res\animation\rc\rc_chongfeng0.json
复制文件 resource\res\animation\rc\rc_chongfeng0.png
复制文件 resource\res\animation\rc\rc_chongfeng1.json
复制文件 resource\res\animation\rc\rc_chongfeng1.png
复制文件 resource\res\animation\rc\rc_chongsheng.json
复制文件 resource\res\animation\rc\rc_chongsheng.png
复制文件 resource\res\animation\rc\rc_chujue.json
复制文件 resource\res\animation\rc\rc_chujue.png
复制文件 resource\res\animation\rc\rc_duochongsheji.json
复制文件 resource\res\animation\rc\rc_duochongsheji.png
复制文件 resource\res\animation\rc\rc_fangxue.json
复制文件 resource\res\animation\rc\rc_fangxue.png
复制文件 resource\res\animation\rc\rc_fangyuhudun.json
复制文件 resource\res\animation\rc\rc_fangyuhudun.png
复制文件 resource\res\animation\rc\rc_fanji.json
复制文件 resource\res\animation\rc\rc_fanji.png
复制文件 resource\res\animation\rc\rc_fantan.json
复制文件 resource\res\animation\rc\rc_fantan.png
复制文件 resource\res\animation\rc\rc_fuchou.json
复制文件 resource\res\animation\rc\rc_fuchou.png
复制文件 resource\res\animation\rc\rc_fuhuo.json
复制文件 resource\res\animation\rc\rc_fuhuo.png
复制文件 resource\res\animation\rc\rc_gedang.json
复制文件 resource\res\animation\rc\rc_gedang.png
复制文件 resource\res\animation\rc\rc_guanghuan0.json
复制文件 resource\res\animation\rc\rc_guanghuan0.png
复制文件 resource\res\animation\rc\rc_guanghuan1.json
复制文件 resource\res\animation\rc\rc_guanghuan1.png
复制文件 resource\res\animation\rc\rc_guhua.json
复制文件 resource\res\animation\rc\rc_guhua.png
复制文件 resource\res\animation\rc\rc_guwu.json
复制文件 resource\res\animation\rc\rc_guwu.png
复制文件 resource\res\animation\rc\rc_huti.json
复制文件 resource\res\animation\rc\rc_huti.png
复制文件 resource\res\animation\rc\rc_huzhu.json
复制文件 resource\res\animation\rc\rc_huzhu.png
复制文件 resource\res\animation\rc\rc_jianshe.json
复制文件 resource\res\animation\rc\rc_jianshe.png
复制文件 resource\res\animation\rc\rc_jiaoxie.json
复制文件 resource\res\animation\rc\rc_jiaoxie.png
复制文件 resource\res\animation\rc\rc_jiaozheng.json
复制文件 resource\res\animation\rc\rc_jiaozheng.png
复制文件 resource\res\animation\rc\rc_jikui.json
复制文件 resource\res\animation\rc\rc_jikui.png
复制文件 resource\res\animation\rc\rc_jingji.json
复制文件 resource\res\animation\rc\rc_jingji.png
复制文件 resource\res\animation\rc\rc_jingjidun.json
复制文件 resource\res\animation\rc\rc_jingjidun.png
复制文件 resource\res\animation\rc\rc_juduwaike.json
复制文件 resource\res\animation\rc\rc_juduwaike.png
复制文件 resource\res\animation\rc\rc_juji.json
复制文件 resource\res\animation\rc\rc_juji.png
复制文件 resource\res\animation\rc\rc_lianji.json
复制文件 resource\res\animation\rc\rc_lianji.png
复制文件 resource\res\animation\rc\rc_lingqiaoshu.json
复制文件 resource\res\animation\rc\rc_lingqiaoshu.png
复制文件 resource\res\animation\rc\rc_meihuo1.json
复制文件 resource\res\animation\rc\rc_meihuo1.png
复制文件 resource\res\animation\rc\rc_meihuo2.json
复制文件 resource\res\animation\rc\rc_meihuo2.png
复制文件 resource\res\animation\rc\rc_pikan.json
复制文件 resource\res\animation\rc\rc_pikan.png
复制文件 resource\res\animation\rc\rc_pugong.json
复制文件 resource\res\animation\rc\rc_pugong.png
复制文件 resource\res\animation\rc\rc_qiangji.json
复制文件 resource\res\animation\rc\rc_qiangji.png
复制文件 resource\res\animation\rc\rc_qidao.json
复制文件 resource\res\animation\rc\rc_qidao.png
复制文件 resource\res\animation\rc\rc_qinwang.json
复制文件 resource\res\animation\rc\rc_qinwang.png
复制文件 resource\res\animation\rc\rc_qishe.json
复制文件 resource\res\animation\rc\rc_qishe.png
复制文件 resource\res\animation\rc\rc_quantui.json
复制文件 resource\res\animation\rc\rc_quantui.png
复制文件 resource\res\animation\rc\rc_rechen.json
复制文件 resource\res\animation\rc\rc_rechen.png
复制文件 resource\res\animation\rc\rc_shanghaifengyin.json
复制文件 resource\res\animation\rc\rc_shanghaifengyin.png
复制文件 resource\res\animation\rc\rc_shanghaijiashen.json
复制文件 resource\res\animation\rc\rc_shanghaijiashen.png
复制文件 resource\res\animation\rc\rc_shengmingchouqu1.json
复制文件 resource\res\animation\rc\rc_shengmingchouqu1.png
复制文件 resource\res\animation\rc\rc_shengmingchouqu2.json
复制文件 resource\res\animation\rc\rc_shengmingchouqu2.png
复制文件 resource\res\animation\rc\rc_shengmingqianghua.json
复制文件 resource\res\animation\rc\rc_shengmingqianghua.png
复制文件 resource\res\animation\rc\rc_shijianjiasu.json
复制文件 resource\res\animation\rc\rc_shijianjiasu.png
复制文件 resource\res\animation\rc\rc_shixue1.json
复制文件 resource\res\animation\rc\rc_shixue1.png
复制文件 resource\res\animation\rc\rc_shixue2.json
复制文件 resource\res\animation\rc\rc_shixue2.png
复制文件 resource\res\animation\rc\rc_shuaijie.json
复制文件 resource\res\animation\rc\rc_shuaijie.png
复制文件 resource\res\animation\rc\rc_shuailao.json
复制文件 resource\res\animation\rc\rc_shuailao.png
复制文件 resource\res\animation\rc\rc_shuailaoxuehongse.json
复制文件 resource\res\animation\rc\rc_shuailaoxuehongse.png
复制文件 resource\res\animation\rc\rc_toudu.json
复制文件 resource\res\animation\rc\rc_toudu.png
复制文件 resource\res\animation\rc\rc_wanqiang.json
复制文件 resource\res\animation\rc\rc_wanqiang.png
复制文件 resource\res\animation\rc\rc_xianzuxuemai.json
复制文件 resource\res\animation\rc\rc_xianzuxuemai.png
复制文件 resource\res\animation\rc\rc_xingfen.json
复制文件 resource\res\animation\rc\rc_xingfen.png
复制文件 resource\res\animation\rc\rc_xisheng.json
复制文件 resource\res\animation\rc\rc_xisheng.png
复制文件 resource\res\animation\rc\rc_xixue.json
复制文件 resource\res\animation\rc\rc_xixue.png
复制文件 resource\res\animation\rc\rc_xueji.json
复制文件 resource\res\animation\rc\rc_xueji.png
复制文件 resource\res\animation\rc\rc_xueruo.json
复制文件 resource\res\animation\rc\rc_xueruo.png
复制文件 resource\res\animation\rc\rc_xueyu.json
复制文件 resource\res\animation\rc\rc_xueyu.png
复制文件 resource\res\animation\rc\rc_xuhuahuibai.json
复制文件 resource\res\animation\rc\rc_xuhuahuibai.png
复制文件 resource\res\animation\rc\rc_xuruo.json
复制文件 resource\res\animation\rc\rc_xuruo.png
复制文件 resource\res\animation\rc\rc_xushi.json
复制文件 resource\res\animation\rc\rc_xushi.png
复制文件 resource\res\animation\rc\rc_yazhi.json
复制文件 resource\res\animation\rc\rc_yazhi.png
复制文件 resource\res\animation\rc\rc_zhanyi.json
复制文件 resource\res\animation\rc\rc_zhanyi.png
复制文件 resource\res\animation\rc\rc_zhiliaoshu.json
复制文件 resource\res\animation\rc\rc_zhiliaoshu.png
复制文件 resource\res\animation\rc\rc_zhimang.json
复制文件 resource\res\animation\rc\rc_zhimang.png
复制文件 resource\res\animation\rc\rc_zhimingyiji.json
复制文件 resource\res\animation\rc\rc_zhimingyiji.png
复制文件 resource\res\animation\rc\rc_zhongji.json
复制文件 resource\res\animation\rc\rc_zhongji.png
复制文件 resource\res\animation\rc\rc_zuzhou.json
复制文件 resource\res\animation\rc\rc_zuzhou.png
复制文件 resource\res\animation\sc\sc_guangquan.json
复制文件 resource\res\animation\sc\sc_guangquan.png
复制文件 resource\res\font\cd0Font.fnt
复制文件 resource\res\font\cd0Font.png
复制文件 resource\res\font\hitFont.fnt
复制文件 resource\res\font\hitFont.png
复制文件 resource\res\font\recoverFont.fnt
复制文件 resource\res\font\recoverFont.png
复制文件 resource\sound\baoji.mp3
复制文件 resource\sound\bengdai.mp3
复制文件 resource\sound\bingdong.mp3
复制文件 resource\sound\busi.mp3
复制文件 resource\sound\chaofeng.mp3
复制文件 resource\sound\chengmo.mp3
复制文件 resource\sound\chenmo.mp3
复制文件 resource\sound\chongfeng.mp3
复制文件 resource\sound\chongsheng.mp3
复制文件 resource\sound\chujue.mp3
复制文件 resource\sound\duochonggongji.mp3
复制文件 resource\sound\fangxue.mp3
复制文件 resource\sound\fangyuhudun.mp3
复制文件 resource\sound\fanji.mp3
复制文件 resource\sound\fantan.mp3
复制文件 resource\sound\fuchou.mp3
复制文件 resource\sound\fuhuoshu.mp3
复制文件 resource\sound\gedang.mp3
复制文件 resource\sound\guhua.mp3
复制文件 resource\sound\guwu.mp3
复制文件 resource\sound\huoli.mp3
复制文件 resource\sound\huzhu.mp3
复制文件 resource\sound\jianshegongji.mp3
复制文件 resource\sound\jianyiguanghuan.mp3
复制文件 resource\sound\jiaoxie.mp3
复制文件 resource\sound\jiaozheng.mp3
复制文件 resource\sound\jikui.mp3
复制文件 resource\sound\jingji.mp3
复制文件 resource\sound\jingjidun.mp3
复制文件 resource\sound\juduwaike.mp3
复制文件 resource\sound\juji.mp3
复制文件 resource\sound\kapaidianji.mp3
复制文件 resource\sound\lianji.mp3
复制文件 resource\sound\lingqiaoshu.mp3
复制文件 resource\sound\meihuo.mp3
复制文件 resource\sound\pikan.mp3
复制文件 resource\sound\pugong.mp3
复制文件 resource\sound\qiangji.mp3
复制文件 resource\sound\qidao.mp3
复制文件 resource\sound\qinwang.mp3
复制文件 resource\sound\qishe.mp3
复制文件 resource\sound\quantui.mp3
复制文件 resource\sound\rechen.mp3
复制文件 resource\sound\shanghaifengyin.mp3
复制文件 resource\sound\shanghaijiashen.mp3
复制文件 resource\sound\shengmingchouqu.mp3
复制文件 resource\sound\shengmingqianghua.mp3
复制文件 resource\sound\shiguangjiasu.mp3
复制文件 resource\sound\shixue.mp3
复制文件 resource\sound\shuaijie.mp3
复制文件 resource\sound\shuailao.mp3
复制文件 resource\sound\toudu.mp3
复制文件 resource\sound\wanqiang.mp3
复制文件 resource\sound\xianzuxuemai.mp3
复制文件 resource\sound\xingfen.mp3
复制文件 resource\sound\xisheng.mp3
复制文件 resource\sound\xixue.mp3
复制文件 resource\sound\xueji.mp3
复制文件 resource\sound\xueruo.mp3
复制文件 resource\sound\xuhua.mp3
复制文件 resource\sound\xuruo.mp3
复制文件 resource\sound\xushi.mp3
复制文件 resource\sound\yazhi.mp3
复制文件 resource\sound\youxishengli.mp3
复制文件 resource\sound\youxishibai.mp3
复制文件 resource\sound\yuxue.mp3
复制文件 resource\sound\zengyiguanghuan.mp3
复制文件 resource\sound\zhandouBGM.mp3
复制文件 resource\sound\zhanyi.mp3
复制文件 resource\sound\zhiliaoshu.mp3
复制文件 resource\sound\zhimang.mp3
复制文件 resource\sound\zhimingyiji.mp3
复制文件 resource\sound\zhongji.mp3
复制文件 resource\sound\zuzhou.mp3
复制文件 tmp\Combat.js
复制文件 tmp\copy\Combat.js
